Order details response: 
{
    "error": "",
    "message": "",
    "response": {
        "order_list": [
            {
                "advance_package": false,
                "booking_sn": "",
                "buyer_user_id": 99690,
                "buyer_username": "sandbox_buyer.a3eeb7e5607986",
                "cod": false,
                "create_time": 1729602444,
                "currency": "MYR",
                "days_to_ship": 3,
                "estimated_shipping_fee": 45000,
                "invoice_data": null,
                "item_list": [
                    {
                        "item_id": 1892388,
                        "item_name": "test4",
                        "item_sku": "test4",
                        "model_id": 20009615808,
                        "model_name": "Green",
                        "model_sku": "TP4SKUGREEN",
                        "model_quantity_purchased": 2,
                        "model_original_price": 30,
                        "model_discounted_price": 30,
                        "wholesale": false,
                        "weight": 1,
                        "add_on_deal": false,
                        "main_item": false,
                        "add_on_deal_id": 0,
                        "promotion_type": "",
                        "promotion_id": 0,
                        "order_item_id": 1892388,
                        "promotion_group_id": 0,
                        "image_info": {
                            "image_url": "https://cf.shopee.com.my/file/my-11134207-7r98o-m1o361jso40i89_tn"
                        },
                        "product_location_id": [
                            "MYZ"
                        ],
                        "is_prescription_item": false,
                        "is_b2c_owned_item": false
                    }
                ],
                "message_to_seller": "",
                "note": "",
                "note_update_time": 0,
                "order_sn": "2410228RWNCDJK",
                "order_status": "READY_TO_SHIP",
                "package_list": [
                    {
                        "package_number": "OFG183301643218060",
                        "group_shipment_id": null,
                        "logistics_status": "LOGISTICS_READY",
                        "shipping_carrier": "SPX Express (East Malaysia)",
                        "item_list": [
                            {
                                "item_id": 1892388,
                                "model_id": 20009615808,
                                "model_quantity": 2,
                                "order_item_id": 1892388,
                                "promotion_group_id": 0,
                                "product_location_id": "MYZ"
                            }
                        ],
                        "parcel_chargeable_weight_gram": 0
                    }
                ],
                "payment_method": "",
                "pickup_done_time": 0,
                "recipient_address": {
                    "name": "t****h",
                    "phone": "******49",
                    "town": "",
                    "district": "Batu",
                    "city": "W.P. Kuala Lumpur",
                    "state": "W.P. Kuala Lumpur",
                    "region": "MY",
                    "zipcode": "52200",
                    "full_address": "2   ,   Medan Putra Condominium, Medan Putra Bussiness Centre, W.P. Kuala Lumpur, 52200, W.P. Kuala Lumpur"
                },
                "region": "MY",
                "reverse_shipping_fee": 0,
                "ship_by_date": 0,
                "shipping_carrier": "SPX Express (East Malaysia)",
                "total_amount": 47760,
                "update_time": 1729602449
            },
            {
                "advance_package": false,
                "booking_sn": "",
                "buyer_user_id": 99690,
                "buyer_username": "sandbox_buyer.a3eeb7e5607986",
                "cod": false,
                "create_time": 1729602333,
                "currency": "MYR",
                "days_to_ship": 3,
                "estimated_shipping_fee": 45000,
                "invoice_data": null,
                "item_list": [
                    {
                        "item_id": 1892783,
                        "item_name": "Yelena Counter Height Bench",
                        "item_sku": "OFFICEDESK01",
                        "model_id": 0,
                        "model_name": "",
                        "model_sku": "",
                        "model_quantity_purchased": 1,
                        "model_original_price": 193,
                        "model_discounted_price": 193,
                        "wholesale": false,
                        "weight": 20,
                        "add_on_deal": false,
                        "main_item": false,
                        "add_on_deal_id": 0,
                        "promotion_type": "",
                        "promotion_id": 0,
                        "order_item_id": 1892783,
                        "promotion_group_id": 0,
                        "image_info": {
                            "image_url": "https://cf.shopee.com.my/file/my-11134207-7r98o-m1o5j8wjyuky0b_tn"
                        },
                        "product_location_id": [
                            "MYZ"
                        ],
                        "is_prescription_item": false,
                        "is_b2c_owned_item": false
                    }
                ],
                "message_to_seller": "",
                "note": "",
                "note_update_time": 0,
                "order_sn": "2410228RTBGUCP",
                "order_status": "READY_TO_SHIP",
                "package_list": [
                    {
                        "package_number": "OFG183301536214060",
                        "group_shipment_id": null,
                        "logistics_status": "LOGISTICS_READY",
                        "shipping_carrier": "SPX Express (East Malaysia)",
                        "item_list": [
                            {
                                "item_id": 1892783,
                                "model_id": 0,
                                "model_quantity": 1,
                                "order_item_id": 1892783,
                                "promotion_group_id": 0,
                                "product_location_id": "MYZ"
                            }
                        ],
                        "parcel_chargeable_weight_gram": 0
                    }
                ],
                "payment_method": "",
                "pickup_done_time": 0,
                "recipient_address": {
                    "name": "t****h",
                    "phone": "******49",
                    "town": "",
                    "district": "Batu",
                    "city": "W.P. Kuala Lumpur",
                    "state": "W.P. Kuala Lumpur",
                    "region": "MY",
                    "zipcode": "52200",
                    "full_address": "2   ,   Medan Putra Condominium, Medan Putra Bussiness Centre, W.P. Kuala Lumpur, 52200, W.P. Kuala Lumpur"
                },
                "region": "MY",
                "reverse_shipping_fee": 0,
                "ship_by_date": 0,
                "shipping_carrier": "SPX Express (East Malaysia)",
                "total_amount": 47893,
                "update_time": 1729602342
            }
        ]
    },
    "request_id": "317a860d251e8a10fca7e10d15cc9c00:0100028c52f34694:000000375df4c388"
} - 2024-10-23 05:55:54

